This is pdfTeX, Version 3.1415926-2.5-1.40.14 (MiKTeX 2.9) (preloaded format=pdftex 2015.8.31)  17 DEC 2015 23:04
entering extended mode
**C:/Users/Praveen/Documents/GitHub/AdvAlgo-Final-report/biblio.bib
(C:/Users/Praveen/Documents/GitHub/AdvAlgo-Final-report/biblio.bib
! Missing $ inserted.
<inserted text> 
                $
<to be read again> 
                   _
l.5  issue_
           date = {Aug. 1994},
? 
! Emergency stop.
<inserted text> 
                $
<to be read again> 
                   _
l.5  issue_
           date = {Aug. 1994},
End of file on the terminal!

!  ==> Fatal error occurred, no output PDF file produced!
